e:\liyi\project\tradeclient\tradeclient\debug\vc120.pdb
e:\liyi\project\tradeclient\tradeclient\debug\vc120.idb
e:\liyi\project\tradeclient\tradeclient\debug\futurescapitalpositionui.obj
e:\liyi\project\tradeclient\tradeclient\debug\futuresdailydealui.obj
e:\liyi\project\tradeclient\tradeclient\debug\futuresdailyorderui.obj
e:\liyi\project\tradeclient\tradeclient\debug\futuresorderui.obj
e:\liyi\project\tradeclient\tradeclient\debug\futurespastdealui.obj
e:\liyi\project\tradeclient\tradeclient\debug\futurespastorderui.obj
e:\liyi\project\tradeclient\tradeclient\debug\lockscreenui.obj
e:\liyi\project\tradeclient\tradeclient\debug\loginframewnd.obj
e:\liyi\project\tradeclient\tradeclient\debug\mainframewnd.obj
e:\liyi\project\tradeclient\tradeclient\debug\stockbuyui.obj
e:\liyi\project\tradeclient\tradeclient\debug\stockcancleui.obj
e:\liyi\project\tradeclient\tradeclient\debug\stockcapitalflowui.obj
e:\liyi\project\tradeclient\tradeclient\debug\stockcapitalpositionui.obj
e:\liyi\project\tradeclient\tradeclient\debug\stockdailydealui.obj
e:\liyi\project\tradeclient\tradeclient\debug\stockdailyorderui.obj
e:\liyi\project\tradeclient\tradeclient\debug\stockpastdealui.obj
e:\liyi\project\tradeclient\tradeclient\debug\stockpastorderui.obj
e:\liyi\project\tradeclient\tradeclient\debug\stocksellui.obj
e:\liyi\project\tradeclient\tradeclient\debug\uimenu.obj
e:\liyi\project\tradeclient\tradeclient\debug\tradeclient.obj
e:\liyi\project\tradeclient\tradeclient\debug\characterset.obj
e:\liyi\project\tradeclient\tradeclient\debug\controllerbase.obj
e:\liyi\project\tradeclient\tradeclient\debug\timekit.obj
e:\liyi\project\tradeclient\tradeclient\debug\fundmergeui.obj
e:\liyi\project\tradeclient\tradeclient\debug\fundsplitui.obj
e:\liyi\project\tradeclient\tradeclient\debug\futurescapitalflowui.obj
e:\liyi\project\tradeclient\tradeclient\debug\tradeclient.exe.intermediate.manifest
e:\liyi\project\tradeclient\debug\tradeclient.pdb
e:\liyi\project\tradeclient\tradeclient\debug\tradeclient.tlog\cl.command.1.tlog
e:\liyi\project\tradeclient\tradeclient\debug\tradeclient.tlog\cl.read.1.tlog
e:\liyi\project\tradeclient\tradeclient\debug\tradeclient.tlog\cl.write.1.tlog
e:\liyi\project\tradeclient\tradeclient\debug\tradeclient.tlog\link.command.1.tlog
e:\liyi\project\tradeclient\tradeclient\debug\tradeclient.tlog\link.read.1.tlog
e:\liyi\project\tradeclient\tradeclient\debug\tradeclient.tlog\link.write.1.tlog
